<?xml version="1.0" encoding="UTF-8"?>
<testsuite xmlns:xsi="http://www.w3.org/2001/XMLSchema-instance" xsi:noNamespaceSchemaLocation="https://maven.apache.org/surefire/maven-surefire-plugin/xsd/surefire-test-report.xsd" name="testRunner.TestRunner" time="13.987" tests="2" errors="0" skipped="0" failures="0">
  <properties>
[...]
</properties>
  <testcase name="Login to Sauce Lab demo site" classname="Login Page" time="4.564"/>
  <testcase name="Search_Highest_Price_Add_To_Cart" classname="Search Highest price item and add to cart" time="8.851"/>
</testsuite>